<?xml version="1.0" encoding="UTF-8"?>
<testsuite xmlns:xsi="http://www.w3.org/2001/XMLSchema-instance" xsi:noNamespaceSchemaLocation="https://maven.apache.org/surefire/maven-surefire-plugin/xsd/surefire-test-report-3.0.xsd" version="3.0" name="com.scd.project.test.StudentDAOTest" time="0.082" tests="13" errors="0" skipped="0" failures="0">
  <properties>
[...]
</properties>
  <testcase name="testStudentFourParamConstructor" classname="com.scd.project.test.StudentDAOTest" time="0.011"/>
  <testcase name="testStudentNullHandling" classname="com.scd.project.test.StudentDAOTest" time="0"/>
  <testcase name="testStudentEqualsById" classname="com.scd.project.test.StudentDAOTest" time="0"/>
  <testcase name="testStudentThreeParamConstructor" classname="com.scd.project.test.StudentDAOTest" time="0"/>
  <testcase name="testStudentDefaultConstructor" classname="com.scd.project.test.StudentDAOTest" time="0"/>
  <testcase name="testStudentIdRange" classname="com.scd.project.test.StudentDAOTest" time="0"/>
  <testcase name="testStudentToString" classname="com.scd.project.test.StudentDAOTest" time="0.002"/>
  <testcase name="testStudentAllFields" classname="com.scd.project.test.StudentDAOTest" time="0"/>
  <testcase name="testStudentModelValidation" classname="com.scd.project.test.StudentDAOTest" time="0.001"/>
  <testcase name="testStudentSettersAndGetters" classname="com.scd.project.test.StudentDAOTest" time="0"/>
  <testcase name="testStudentNameLength" classname="com.scd.project.test.StudentDAOTest" time="0.001"/>
  <testcase name="testStudentEdgeCases" classname="com.scd.project.test.StudentDAOTest" time="0.001"/>
  <testcase name="testStudentEmailFormat" classname="com.scd.project.test.StudentDAOTest" time="0"/>
</testsuite>